Starting Dynare (version 6.1).
Calling Dynare with arguments: none
Starting preprocessing of the model file ... 
Found 6 equation(s). 
Evaluating expressions... 
Computing static model derivatives (order 1). 
Normalizing the static model... 
Normalization failed with cutoff, trying symbolic normalization... 
Finding the optimal block decomposition of the static model... 
4 block(s) found: 
  3 recursive block(s) and 1 simultaneous block(s). 
  the largest simultaneous block has 3 equation(s) 
                                 and 3 feedback variable(s). 
Computing dynamic model derivatives (order 2). 
Normalizing the dynamic model... 
Finding the optimal block decomposition of the dynamic model... 
2 block(s) found: 
  1 recursive block(s) and 1 simultaneous block(s). 
  the largest simultaneous block has 3 equation(s) 
                                 and 3 feedback variable(s). 
Preprocessing completed. 
Preprocessing time: 0h00m01s.

STEADY-STATE RESULTS:

x   		 0
pi  		 0
i   		 0
e   		 0
s   		 0
psi 		 0

EIGENVALUES:
         Modulus             Real        Imaginary
             0.5              0.5                0
          0.5652           0.5652                0
          0.5719           0.3964           0.4122
          0.5719           0.3964          -0.4122
             0.6              0.6                0
               1                1                0
           1.168            1.168                0
           3.835            3.835                0

There are 2 eigenvalue(s) larger than 1 in modulus for 2 forward-looking variable(s)
The rank condition is verified.


MODEL SUMMARY

  Number of variables:         6
  Number of stochastic shocks: 4
  Number of state variables:   6
  Number of jumpers:           2
  Number of static variables:  0


MATRIX OF COVARIANCE OF EXOGENOUS SHOCKS
Variables       eps_s   eps_psi     eps_u     eps_i
eps_s        0.250000  0.000000  0.000000  0.000000
eps_psi      0.000000  0.160000  0.000000  0.000000
eps_u        0.000000  0.000000  0.090000  0.000000
eps_i        0.000000  0.000000  0.000000  0.040000

POLICY AND TRANSITION FUNCTIONS
                                   x              pi               i               e               s             psi
i(-1)                      -0.429655       -0.243790        0.341201               0               0               0
e(-1)                              0               0               0        1.000000               0               0
s(-1)                      -0.025916        0.020160       -0.023716        0.060000        0.600000               0
psi(-1)                     0.077500        0.249458        0.130625        0.500000               0        0.500000
x(-1)                       0.324712        0.070871        0.359498               0               0               0
pi(-1)                      0.087417        0.692222        0.226530               0               0               0
eps_s                      -0.043193        0.033599       -0.039527        0.100000        1.000000               0
eps_psi                     0.155000        0.498916        0.261250        1.000000               0        1.000000
eps_u                       0.190826        1.511072        0.494500               0               0               0
eps_i                      -0.507987       -0.288236        0.403406               0               0               0


THEORETICAL MOMENTS
VARIABLE         MEAN  STD. DEV.   VARIANCE
x              0.0000     0.1926     0.0371
pi             0.0000     0.6768     0.4580
i              0.0000     0.3823     0.1462
e                 NaN        NaN        NaN
s              0.0000     0.6250     0.3906
psi            0.0000     0.4619     0.2133



VARIANCE DECOMPOSITION (in percent)
         eps_s  eps_psi    eps_u    eps_i
x         1.61    25.13    28.78    44.48
pi        0.70    28.32    68.71     2.27
i         0.77    43.67    48.21     7.34
s       100.00     0.00     0.00     0.00
psi       0.00   100.00     0.00     0.00



MATRIX OF CORRELATIONS
Variables          x       pi        i        s      psi
x             1.0000   0.2088  -0.1011  -0.1106   0.2637
pi            0.2088   1.0000   0.8795   0.0618   0.4697
i            -0.1011   0.8795   1.0000  -0.0777   0.5229
s            -0.1106   0.0618  -0.0777   1.0000   0.0000
psi           0.2637   0.4697   0.5229   0.0000   1.0000



COEFFICIENTS OF AUTOCORRELATION
Order           1        2        3        4        5
x          0.5335   0.0357  -0.1860  -0.1846  -0.1013
pi         0.6564   0.3775   0.1988   0.1038   0.0592
i          0.7611   0.4333   0.1882   0.0629   0.0207
s          0.6000   0.3600   0.2160   0.1296   0.0778
psi        0.5000   0.2500   0.1250   0.0625   0.0312
Total computing time : 0h00m09s
