Starting Dynare (version 6.1).
Calling Dynare with arguments: none
Starting preprocessing of the model file ... 
Found 6 equation(s). 
Evaluating expressions... 
Computing static model derivatives (order 1). 
Normalizing the static model... 
Normalization failed with cutoff, trying symbolic normalization... 
Finding the optimal block decomposition of the static model... 
4 block(s) found: 
  3 recursive block(s) and 1 simultaneous block(s). 
  the largest simultaneous block has 3 equation(s) 
                                 and 3 feedback variable(s). 
Computing dynamic model derivatives (order 2). 
Normalizing the dynamic model... 
Finding the optimal block decomposition of the dynamic model... 
2 block(s) found: 
  1 recursive block(s) and 1 simultaneous block(s). 
  the largest simultaneous block has 3 equation(s) 
                                 and 3 feedback variable(s). 
Preprocessing completed. 
Preprocessing time: 0h00m01s.

STEADY-STATE RESULTS:

x   		 0
pi  		 0
i   		 0
e   		 0
s   		 0
psi 		 0

EIGENVALUES:
         Modulus             Real        Imaginary
             0.5              0.5                0
          0.5303           0.5303                0
             0.6              0.6                0
               1                1                0
           1.151            1.146           0.0984
           1.151            1.146          -0.0984

There are 2 eigenvalue(s) larger than 1 in modulus for 2 forward-looking variable(s)
The rank condition is verified.


MODEL SUMMARY

  Number of variables:         6
  Number of stochastic shocks: 4
  Number of state variables:   4
  Number of jumpers:           2
  Number of static variables:  0


MATRIX OF COVARIANCE OF EXOGENOUS SHOCKS
Variables       eps_s   eps_psi     eps_u     eps_i
eps_s        0.250000  0.000000  0.000000  0.000000
eps_psi      0.000000  0.160000  0.000000  0.000000
eps_u        0.000000  0.000000  0.090000  0.000000
eps_i        0.000000  0.000000  0.000000  0.040000

POLICY AND TRANSITION FUNCTIONS
                                   x              pi               i               e               s             psi
i(-1)                      -1.318349       -0.167829        0.530271               0               0               0
e(-1)                              0               0               0        1.000000               0               0
s(-1)                      -0.309950       -0.013177       -0.025713        0.060000        0.600000               0
psi(-1)                    -0.148226        0.114208        0.052779        0.500000               0        0.500000
eps_s                      -0.516583       -0.021962       -0.042855        0.100000        1.000000               0
eps_psi                    -0.296453        0.228416        0.105557        1.000000               0        1.000000
eps_u                      -1.017012        0.870532        0.409067               0               0               0
eps_i                      -1.883356       -0.239755        0.757531               0               0               0


THEORETICAL MOMENTS
VARIABLE         MEAN  STD. DEV.   VARIANCE
x              0.0000     0.6746     0.4550
pi             0.0000     0.2868     0.0822
i              0.0000     0.2460     0.0605
e                 NaN        NaN        NaN
s              0.0000     0.6250     0.3906
psi            0.0000     0.4619     0.2133



VARIANCE DECOMPOSITION (in percent)
         eps_s  eps_psi    eps_u    eps_i
x        19.24     8.93    28.46    43.38
pi        0.16    12.30    83.65     3.89
i         3.19     9.41    34.63    52.78
s       100.00     0.00     0.00     0.00
psi       0.00   100.00     0.00     0.00



MATRIX OF CORRELATIONS
Variables          x       pi        i        s      psi
x             1.0000  -0.3298  -0.8207  -0.4326  -0.2678
pi           -0.3298   1.0000   0.3765  -0.0341   0.3485
i            -0.8207   0.3765   1.0000  -0.1597   0.2697
s            -0.4326  -0.0341  -0.1597   1.0000   0.0000
psi          -0.2678   0.3485   0.2697   0.0000   1.0000



COEFFICIENTS OF AUTOCORRELATION
Order           1        2        3        4        5
x          0.5459   0.2965   0.1602   0.0862   0.0461
pi         0.0109  -0.0014  -0.0043  -0.0041  -0.0031
i          0.5674   0.3205   0.1804   0.1013   0.0567
s          0.6000   0.3600   0.2160   0.1296   0.0778
psi        0.5000   0.2500   0.1250   0.0625   0.0313
Total computing time : 0h00m07s
